<?xml version="1.0" encoding="UTF-8"?>
<!-- Generated by org.testng.reporters.JUnitXMLReporter -->
<testsuite ignored="0" hostname="DESKTOP-DJ4FDME" failures="0" tests="3" name="Default test" time="27.176" errors="0" timestamp="2024-11-21T06:38:52 IST">
  <testcase classname="org.wipro.automation.aumw.testcases.SignupScenario" name="tc01_validatesignup_validfirstnamelastname" time="3.442"/>
  <testcase classname="org.wipro.automation.aumw.testcases.SignupScenario" name="tc01_validatesignup_validfirstnamelastname" time="3.315"/>
  <testcase classname="org.wipro.automation.aumw.testcases.SignupScenario" name="tc01_validatesignup_validfirstnamelastname" time="3.764"/>
</testsuite> <!-- Default test -->
