<?xml version="1.0" encoding="UTF-8"?>
<!-- Generated by org.testng.reporters.JUnitXMLReporter -->
<testsuite ignored="9" hostname="DESKTOP-DJ4FDME" failures="0" tests="0" time="0.021" errors="0" timestamp="2024-11-19T06:29:37 IST">
  <testcase classname="org.xyz.automation.project.HandleKeyMouseWind" name="keywordshandle" time="0.0">
    <ignored/>
  </testcase> <!-- keywordshandle -->
  <testcase classname="org.xyz.automation.project.HandleKeyMouseWind" name="handleFrames" time="0.0">
    <ignored/>
  </testcase> <!-- handleFrames -->
  <testcase classname="org.xyz.automation.project.TheTestingWorld" name="otherfields" time="0.0">
    <ignored/>
  </testcase> <!-- otherfields -->
  <testcase classname="org.xyz.automation.project.HandleKeyMouseWind" name="mousehandle" time="0.0">
    <ignored/>
  </testcase> <!-- mousehandle -->
  <testcase classname="org.xyz.automation.project.LoginTestScenario" name="tc02_validateLoginfunc" time="0.0">
    <ignored/>
  </testcase> <!-- tc02_validateLoginfunc -->
  <testcase classname="org.xyz.automation.project.HandleKeyMouseWind" name="handleAlerts" time="0.0">
    <ignored/>
  </testcase> <!-- handleAlerts -->
  <testcase classname="org.xyz.automation.project.LoginTestScenario" name="tc01_validateSignupfunc" time="0.0">
    <ignored/>
  </testcase> <!-- tc01_validateSignupfunc -->
  <testcase classname="org.xyz.automation.project.TheTestingWorld" name="launchBrowser" time="0.0">
    <ignored/>
  </testcase> <!-- launchBrowser -->
  <testcase classname="org.xyz.automation.project.FetchDataRuntime" name="otherfields" time="0.0">
    <ignored/>
  </testcase> <!-- otherfields -->
</testsuite>
