<?xml version="1.0" encoding="UTF-8"?>
<testng-results ignored="0" total="1" passed="1" failed="0" skipped="0">
  <reporter-output>
  </reporter-output>
  <suite started-at="2024-11-22T06:37:07 IST" name="Default suite" finished-at="2024-11-22T06:37:13 IST" duration-ms="5231">
    <groups>
    </groups>
    <test started-at="2024-11-22T06:37:07 IST" name="Default test" finished-at="2024-11-22T06:37:13 IST" duration-ms="5231">
      <class name="org.wipro.automation.aumw.testcases.LoginScenario">
        <test-method is-config="true" signature="launchBrowser()[pri:0, instance:org.wipro.automation.aumw.testcases.LoginScenario@76a4ebf2]" started-at="2024-11-22T06:37:07 IST" name="launchBrowser" finished-at="2024-11-22T06:37:12 IST" duration-ms="4535" status="PASS">
          <reporter-output>
          </reporter-output>
        </test-method> <!-- launchBrowser -->
        <test-method signature="tc02_validateloginfunc_validCredential()[pri:0, instance:org.wipro.automation.aumw.testcases.LoginScenario@76a4ebf2]" started-at="2024-11-22T06:37:12 IST" name="tc02_validateloginfunc_validCredential" finished-at="2024-11-22T06:37:13 IST" duration-ms="596" status="PASS">
          <reporter-output>
          </reporter-output>
        </test-method> <!-- tc02_validateloginfunc_validCredential -->
        <test-method is-config="true" signature="closeBrowser()[pri:0, instance:org.wipro.automation.aumw.testcases.LoginScenario@76a4ebf2]" started-at="2024-11-22T06:37:13 IST" name="closeBrowser" finished-at="2024-11-22T06:37:13 IST" duration-ms="3" status="PASS">
          <reporter-output>
          </reporter-output>
        </test-method> <!-- closeBrowser -->
      </class> <!-- org.wipro.automation.aumw.testcases.LoginScenario -->
    </test> <!-- Default test -->
  </suite> <!-- Default suite -->
</testng-results>
